<?xml version="1.0" encoding="UTF-8"?>
<!-- Generated by org.testng.reporters.JUnitReportReporter -->
<testsuite hostname="DESKTOP-HR4HVE7" failures="0" tests="2" name="com.selenium.Learning.LoginDemo" time="17.249" errors="0" timestamp="2022-04-02T17:54:18 IST" skipped="1">
  <testcase classname="com.selenium.Learning.LoginDemo" name="LoginMatri" time="17.249"/>
  <system-out/>
  <testcase classname="com.selenium.Learning.LoginDemo" name="ChromeBrowserDemo">
    <skipped/>
  </testcase> <!-- ChromeBrowserDemo -->
  <system-out/>
</testsuite> <!-- com.selenium.Learning.LoginDemo -->
