<?xml version="1.0" encoding="UTF-8"?>
<!-- Generated by org.testng.reporters.JUnitReportReporter -->
<testsuite hostname="DESKTOP-J1R7SKA" name="com.selenium.Learning.WaitDemo" tests="1" failures="0" timestamp="5 Mar 2022 09:44:33 GMT" time="23.573" errors="0">
  <testcase name="ChromeBrowserDemo" time="23.573" classname="com.selenium.Learning.WaitDemo"/>
</testsuite> <!-- com.selenium.Learning.WaitDemo -->
